<?xml version="1.0" encoding="UTF-8"?>
<testng-results ignored="8" total="28" passed="20" failed="0" skipped="0">
  <reporter-output>
  </reporter-output>
  <suite started-at="2024-02-16T11:49:38 IST" name="Suite" finished-at="2024-02-16T11:54:54 IST" duration-ms="316785">
    <groups>
      <group name="Regression">
        <method signature="BookingPageValidationTest.checkinTc()[pri:1, instance:test.components.BookingPageValidationTest@5890e879]" name="checkinTc" class="test.components.BookingPageValidationTest"/>
        <method signature="FlightBookingTest.validPayTc01()[pri:1, instance:test.components.FlightBookingTest@1caa0244]" name="validPayTc01" class="test.components.FlightBookingTest"/>
        <method signature="LoginTest.signinTc01()[pri:1, instance:test.components.LoginTest@6440112d]" name="signinTc01" class="test.components.LoginTest"/>
        <method signature="SearchFlightTest.oneWayTc01()[pri:1, instance:test.components.SearchFlightTest@31ea9581]" name="oneWayTc01" class="test.components.SearchFlightTest"/>
        <method signature="SignUpTest.signUpTc01()[pri:1, instance:test.components.SignUpTest@231f98ef]" name="signUpTc01" class="test.components.SignUpTest"/>
        <method signature="LoginTest.signinTc02()[pri:2, instance:test.components.LoginTest@6440112d]" name="signinTc02" class="test.components.LoginTest"/>
        <method signature="LoginTest.signinTc03()[pri:2, instance:test.components.LoginTest@6440112d]" name="signinTc03" class="test.components.LoginTest"/>
        <method signature="LoginTest.signinTc04()[pri:2, instance:test.components.LoginTest@6440112d]" name="signinTc04" class="test.components.LoginTest"/>
        <method signature="SearchFlightTest.roundTripTc02()[pri:2, instance:test.components.SearchFlightTest@31ea9581]" name="roundTripTc02" class="test.components.SearchFlightTest"/>
        <method signature="SignUpTest.signUpTc02()[pri:2, instance:test.components.SignUpTest@231f98ef]" name="signUpTc02" class="test.components.SignUpTest"/>
        <method signature="BookingPageValidationTest.checkinTc()[pri:1, instance:test.components.BookingPageValidationTest@6f204a1a]" name="checkinTc" class="test.components.BookingPageValidationTest"/>
        <method signature="FlightBookingTest.validPayTc01()[pri:1, instance:test.components.FlightBookingTest@2a8448fa]" name="validPayTc01" class="test.components.FlightBookingTest"/>
        <method signature="LoginTest.signinTc01()[pri:1, instance:test.components.LoginTest@2de56eb2]" name="signinTc01" class="test.components.LoginTest"/>
        <method signature="SearchFlightTest.oneWayTc01()[pri:1, instance:test.components.SearchFlightTest@5f8e8a9d]" name="oneWayTc01" class="test.components.SearchFlightTest"/>
        <method signature="SignUpTest.signUpTc01()[pri:1, instance:test.components.SignUpTest@5745ca0e]" name="signUpTc01" class="test.components.SignUpTest"/>
        <method signature="LoginTest.signinTc02()[pri:2, instance:test.components.LoginTest@2de56eb2]" name="signinTc02" class="test.components.LoginTest"/>
        <method signature="LoginTest.signinTc03()[pri:2, instance:test.components.LoginTest@2de56eb2]" name="signinTc03" class="test.components.LoginTest"/>
        <method signature="LoginTest.signinTc04()[pri:2, instance:test.components.LoginTest@2de56eb2]" name="signinTc04" class="test.components.LoginTest"/>
        <method signature="SearchFlightTest.roundTripTc02()[pri:2, instance:test.components.SearchFlightTest@5f8e8a9d]" name="roundTripTc02" class="test.components.SearchFlightTest"/>
        <method signature="SignUpTest.signUpTc02()[pri:2, instance:test.components.SignUpTest@5745ca0e]" name="signUpTc02" class="test.components.SignUpTest"/>
      </group> <!-- Regression -->
      <group name="Smoke">
        <method signature="FlightBookingTest.validPayTc01()[pri:1, instance:test.components.FlightBookingTest@1caa0244]" name="validPayTc01" class="test.components.FlightBookingTest"/>
        <method signature="LoginTest.signinTc01()[pri:1, instance:test.components.LoginTest@6440112d]" name="signinTc01" class="test.components.LoginTest"/>
        <method signature="SearchFlightTest.oneWayTc01()[pri:1, instance:test.components.SearchFlightTest@31ea9581]" name="oneWayTc01" class="test.components.SearchFlightTest"/>
        <method signature="SignUpTest.signUpTc01()[pri:1, instance:test.components.SignUpTest@231f98ef]" name="signUpTc01" class="test.components.SignUpTest"/>
        <method signature="SearchFlightTest.roundTripTc02()[pri:2, instance:test.components.SearchFlightTest@31ea9581]" name="roundTripTc02" class="test.components.SearchFlightTest"/>
        <method signature="FlightBookingTest.validPayTc01()[pri:1, instance:test.components.FlightBookingTest@2a8448fa]" name="validPayTc01" class="test.components.FlightBookingTest"/>
        <method signature="LoginTest.signinTc01()[pri:1, instance:test.components.LoginTest@2de56eb2]" name="signinTc01" class="test.components.LoginTest"/>
        <method signature="SearchFlightTest.oneWayTc01()[pri:1, instance:test.components.SearchFlightTest@5f8e8a9d]" name="oneWayTc01" class="test.components.SearchFlightTest"/>
        <method signature="SignUpTest.signUpTc01()[pri:1, instance:test.components.SignUpTest@5745ca0e]" name="signUpTc01" class="test.components.SignUpTest"/>
        <method signature="SearchFlightTest.roundTripTc02()[pri:2, instance:test.components.SearchFlightTest@5f8e8a9d]" name="roundTripTc02" class="test.components.SearchFlightTest"/>
      </group> <!-- Smoke -->
    </groups>
    <test started-at="2024-02-16T11:49:38 IST" name="Test" finished-at="2024-02-16T11:52:18 IST" duration-ms="160296">
      <class name="test.components.SearchFlightTest">
        <test-method is-config="true" signature="beforeMethod(java.lang.String)[pri:0, instance:test.components.SearchFlightTest@31ea9581]" started-at="2024-02-16T11:51:16 IST" name="beforeMethod" finished-at="2024-02-16T11:51:21 IST" duration-ms="5155" status="PASS">
          <params>
            <param index="0">
              <value>
                <![CDATA[firefox]]>
              </value>
            </param>
          </params>
          <reporter-output>
          </reporter-output>
        </test-method> <!-- beforeMethod -->
        <test-method signature="oneWayTc01()[pri:1, instance:test.components.SearchFlightTest@31ea9581]" started-at="2024-02-16T11:51:21 IST" name="oneWayTc01" finished-at="2024-02-16T11:51:31 IST" duration-ms="9771" status="PASS">
          <reporter-output>
          </reporter-output>
        </test-method> <!-- oneWayTc01 -->
        <test-method is-config="true" signature="afterMethod()[pri:0, instance:test.components.SearchFlightTest@31ea9581]" started-at="2024-02-16T11:51:31 IST" name="afterMethod" finished-at="2024-02-16T11:51:33 IST" duration-ms="1429" status="PASS">
          <reporter-output>
          </reporter-output>
        </test-method> <!-- afterMethod -->
        <test-method is-config="true" signature="beforeMethod(java.lang.String)[pri:0, instance:test.components.SearchFlightTest@31ea9581]" started-at="2024-02-16T11:51:33 IST" name="beforeMethod" finished-at="2024-02-16T11:51:37 IST" duration-ms="4876" status="PASS">
          <params>
            <param index="0">
              <value>
                <![CDATA[firefox]]>
              </value>
            </param>
          </params>
          <reporter-output>
          </reporter-output>
        </test-method> <!-- beforeMethod -->
        <test-method signature="roundTripTc02()[pri:2, instance:test.components.SearchFlightTest@31ea9581]" started-at="2024-02-16T11:51:37 IST" name="roundTripTc02" finished-at="2024-02-16T11:51:48 IST" duration-ms="10259" status="PASS">
          <reporter-output>
          </reporter-output>
        </test-method> <!-- roundTripTc02 -->
        <test-method is-config="true" signature="afterMethod()[pri:0, instance:test.components.SearchFlightTest@31ea9581]" started-at="2024-02-16T11:51:48 IST" name="afterMethod" finished-at="2024-02-16T11:51:48 IST" duration-ms="782" status="PASS">
          <reporter-output>
          </reporter-output>
        </test-method> <!-- afterMethod -->
      </class> <!-- test.components.SearchFlightTest -->
      <class name="test.components.LoginTest">
        <test-method is-config="true" signature="beforeMethod(java.lang.String)[pri:0, instance:test.components.LoginTest@6440112d]" started-at="2024-02-16T11:50:40 IST" name="beforeMethod" finished-at="2024-02-16T11:50:47 IST" duration-ms="6349" status="PASS">
          <params>
            <param index="0">
              <value>
                <![CDATA[firefox]]>
              </value>
            </param>
          </params>
          <reporter-output>
          </reporter-output>
        </test-method> <!-- beforeMethod -->
        <test-method signature="signinTc01()[pri:1, instance:test.components.LoginTest@6440112d]" started-at="2024-02-16T11:50:47 IST" name="signinTc01" finished-at="2024-02-16T11:50:53 IST" duration-ms="6633" status="PASS">
          <reporter-output>
          </reporter-output>
        </test-method> <!-- signinTc01 -->
        <test-method is-config="true" signature="afterMethod()[pri:0, instance:test.components.LoginTest@6440112d]" started-at="2024-02-16T11:50:53 IST" name="afterMethod" finished-at="2024-02-16T11:50:54 IST" duration-ms="789" status="PASS">
          <reporter-output>
          </reporter-output>
        </test-method> <!-- afterMethod -->
        <test-method is-config="true" signature="beforeMethod(java.lang.String)[pri:0, instance:test.components.LoginTest@6440112d]" started-at="2024-02-16T11:50:54 IST" name="beforeMethod" finished-at="2024-02-16T11:50:59 IST" duration-ms="5171" status="PASS">
          <params>
            <param index="0">
              <value>
                <![CDATA[firefox]]>
              </value>
            </param>
          </params>
          <reporter-output>
          </reporter-output>
        </test-method> <!-- beforeMethod -->
        <test-method signature="signinTc02()[pri:2, instance:test.components.LoginTest@6440112d]" started-at="2024-02-16T11:50:59 IST" name="signinTc02" finished-at="2024-02-16T11:51:00 IST" duration-ms="1229" status="PASS">
          <reporter-output>
          </reporter-output>
        </test-method> <!-- signinTc02 -->
        <test-method is-config="true" signature="afterMethod()[pri:0, instance:test.components.LoginTest@6440112d]" started-at="2024-02-16T11:51:01 IST" name="afterMethod" finished-at="2024-02-16T11:51:02 IST" duration-ms="1004" status="PASS">
          <reporter-output>
          </reporter-output>
        </test-method> <!-- afterMethod -->
        <test-method is-config="true" signature="beforeMethod(java.lang.String)[pri:0, instance:test.components.LoginTest@6440112d]" started-at="2024-02-16T11:51:02 IST" name="beforeMethod" finished-at="2024-02-16T11:51:07 IST" duration-ms="5077" status="PASS">
          <params>
            <param index="0">
              <value>
                <![CDATA[firefox]]>
              </value>
            </param>
          </params>
          <reporter-output>
          </reporter-output>
        </test-method> <!-- beforeMethod -->
        <test-method signature="signinTc03()[pri:2, instance:test.components.LoginTest@6440112d]" started-at="2024-02-16T11:51:07 IST" name="signinTc03" finished-at="2024-02-16T11:51:08 IST" duration-ms="1234" status="PASS">
          <reporter-output>
          </reporter-output>
        </test-method> <!-- signinTc03 -->
        <test-method is-config="true" signature="afterMethod()[pri:0, instance:test.components.LoginTest@6440112d]" started-at="2024-02-16T11:51:08 IST" name="afterMethod" finished-at="2024-02-16T11:51:09 IST" duration-ms="953" status="PASS">
          <reporter-output>
          </reporter-output>
        </test-method> <!-- afterMethod -->
        <test-method is-config="true" signature="beforeMethod(java.lang.String)[pri:0, instance:test.components.LoginTest@6440112d]" started-at="2024-02-16T11:51:09 IST" name="beforeMethod" finished-at="2024-02-16T11:51:14 IST" duration-ms="5184" status="PASS">
          <params>
            <param index="0">
              <value>
                <![CDATA[firefox]]>
              </value>
            </param>
          </params>
          <reporter-output>
          </reporter-output>
        </test-method> <!-- beforeMethod -->
        <test-method signature="signinTc04()[pri:2, instance:test.components.LoginTest@6440112d]" started-at="2024-02-16T11:51:14 IST" name="signinTc04" finished-at="2024-02-16T11:51:15 IST" duration-ms="1203" status="PASS">
          <reporter-output>
          </reporter-output>
        </test-method> <!-- signinTc04 -->
        <test-method is-config="true" signature="afterMethod()[pri:0, instance:test.components.LoginTest@6440112d]" started-at="2024-02-16T11:51:15 IST" name="afterMethod" finished-at="2024-02-16T11:51:16 IST" duration-ms="1012" status="PASS">
          <reporter-output>
          </reporter-output>
        </test-method> <!-- afterMethod -->
      </class> <!-- test.components.LoginTest -->
      <class name="test.components.FlightBookingTest">
        <test-method is-config="true" signature="beforeMethod(java.lang.String)[pri:0, instance:test.components.FlightBookingTest@1caa0244]" started-at="2024-02-16T11:49:38 IST" name="beforeMethod" finished-at="2024-02-16T11:49:46 IST" duration-ms="8291" status="PASS">
          <params>
            <param index="0">
              <value>
                <![CDATA[firefox]]>
              </value>
            </param>
          </params>
          <reporter-output>
          </reporter-output>
        </test-method> <!-- beforeMethod -->
        <test-method signature="validPayTc01()[pri:1, instance:test.components.FlightBookingTest@1caa0244]" started-at="2024-02-16T11:49:46 IST" name="validPayTc01" finished-at="2024-02-16T11:50:28 IST" duration-ms="42557" status="PASS">
          <reporter-output>
          </reporter-output>
        </test-method> <!-- validPayTc01 -->
        <test-method is-config="true" signature="afterMethod()[pri:0, instance:test.components.FlightBookingTest@1caa0244]" started-at="2024-02-16T11:50:28 IST" name="afterMethod" finished-at="2024-02-16T11:50:30 IST" duration-ms="1839" status="PASS">
          <reporter-output>
          </reporter-output>
        </test-method> <!-- afterMethod -->
      </class> <!-- test.components.FlightBookingTest -->
      <class name="test.components.BookingPageValidationTest">
        <test-method is-config="true" signature="beforeMethod(java.lang.String)[pri:0, instance:test.components.BookingPageValidationTest@5890e879]" started-at="2024-02-16T11:50:30 IST" name="beforeMethod" finished-at="2024-02-16T11:50:35 IST" duration-ms="5078" status="PASS">
          <params>
            <param index="0">
              <value>
                <![CDATA[firefox]]>
              </value>
            </param>
          </params>
          <reporter-output>
          </reporter-output>
        </test-method> <!-- beforeMethod -->
        <test-method signature="checkinTc()[pri:1, instance:test.components.BookingPageValidationTest@5890e879]" started-at="2024-02-16T11:50:35 IST" name="checkinTc" finished-at="2024-02-16T11:50:39 IST" duration-ms="4115" status="PASS">
          <reporter-output>
          </reporter-output>
        </test-method> <!-- checkinTc -->
        <test-method is-config="true" signature="afterMethod()[pri:0, instance:test.components.BookingPageValidationTest@5890e879]" started-at="2024-02-16T11:50:39 IST" name="afterMethod" finished-at="2024-02-16T11:50:40 IST" duration-ms="870" status="PASS">
          <reporter-output>
          </reporter-output>
        </test-method> <!-- afterMethod -->
      </class> <!-- test.components.BookingPageValidationTest -->
      <class name="test.components.SignUpTest">
        <test-method is-config="true" signature="beforeMethod(java.lang.String)[pri:0, instance:test.components.SignUpTest@231f98ef]" started-at="2024-02-16T11:51:48 IST" name="beforeMethod" finished-at="2024-02-16T11:51:54 IST" duration-ms="5116" status="PASS">
          <params>
            <param index="0">
              <value>
                <![CDATA[firefox]]>
              </value>
            </param>
          </params>
          <reporter-output>
          </reporter-output>
        </test-method> <!-- beforeMethod -->
        <test-method signature="signUpTc01()[pri:1, instance:test.components.SignUpTest@231f98ef]" started-at="2024-02-16T11:51:54 IST" name="signUpTc01" finished-at="2024-02-16T11:52:02 IST" duration-ms="8490" status="PASS">
          <reporter-output>
          </reporter-output>
        </test-method> <!-- signUpTc01 -->
        <test-method is-config="true" signature="afterMethod()[pri:0, instance:test.components.SignUpTest@231f98ef]" started-at="2024-02-16T11:52:02 IST" name="afterMethod" finished-at="2024-02-16T11:52:03 IST" duration-ms="945" status="PASS">
          <reporter-output>
          </reporter-output>
        </test-method> <!-- afterMethod -->
        <test-method is-config="true" signature="beforeMethod(java.lang.String)[pri:0, instance:test.components.SignUpTest@231f98ef]" started-at="2024-02-16T11:52:03 IST" name="beforeMethod" finished-at="2024-02-16T11:52:09 IST" duration-ms="5514" status="PASS">
          <params>
            <param index="0">
              <value>
                <![CDATA[firefox]]>
              </value>
            </param>
          </params>
          <reporter-output>
          </reporter-output>
        </test-method> <!-- beforeMethod -->
        <test-method signature="signUpTc02()[pri:2, instance:test.components.SignUpTest@231f98ef]" started-at="2024-02-16T11:52:09 IST" name="signUpTc02" finished-at="2024-02-16T11:52:17 IST" duration-ms="8271" status="PASS">
          <reporter-output>
          </reporter-output>
        </test-method> <!-- signUpTc02 -->
        <test-method is-config="true" signature="afterMethod()[pri:0, instance:test.components.SignUpTest@231f98ef]" started-at="2024-02-16T11:52:17 IST" name="afterMethod" finished-at="2024-02-16T11:52:18 IST" duration-ms="1032" status="PASS">
          <reporter-output>
          </reporter-output>
        </test-method> <!-- afterMethod -->
      </class> <!-- test.components.SignUpTest -->
    </test> <!-- Test -->
    <test started-at="2024-02-16T11:52:18 IST" name="Test1" finished-at="2024-02-16T11:54:54 IST" duration-ms="156419">
      <class name="test.components.SearchFlightTest">
        <test-method is-config="true" signature="beforeMethod(java.lang.String)[pri:0, instance:test.components.SearchFlightTest@5f8e8a9d]" started-at="2024-02-16T11:53:46 IST" name="beforeMethod" finished-at="2024-02-16T11:53:50 IST" duration-ms="4687" status="PASS">
          <params>
            <param index="0">
              <value>
                <![CDATA[chrome]]>
              </value>
            </param>
          </params>
          <reporter-output>
          </reporter-output>
        </test-method> <!-- beforeMethod -->
        <test-method signature="oneWayTc01()[pri:1, instance:test.components.SearchFlightTest@5f8e8a9d]" started-at="2024-02-16T11:53:50 IST" name="oneWayTc01" finished-at="2024-02-16T11:54:00 IST" duration-ms="9776" status="PASS">
          <reporter-output>
          </reporter-output>
        </test-method> <!-- oneWayTc01 -->
        <test-method is-config="true" signature="afterMethod()[pri:0, instance:test.components.SearchFlightTest@5f8e8a9d]" started-at="2024-02-16T11:54:00 IST" name="afterMethod" finished-at="2024-02-16T11:54:00 IST" duration-ms="233" status="PASS">
          <reporter-output>
          </reporter-output>
        </test-method> <!-- afterMethod -->
        <test-method is-config="true" signature="beforeMethod(java.lang.String)[pri:0, instance:test.components.SearchFlightTest@5f8e8a9d]" started-at="2024-02-16T11:54:00 IST" name="beforeMethod" finished-at="2024-02-16T11:54:10 IST" duration-ms="9053" status="PASS">
          <params>
            <param index="0">
              <value>
                <![CDATA[chrome]]>
              </value>
            </param>
          </params>
          <reporter-output>
          </reporter-output>
        </test-method> <!-- beforeMethod -->
        <test-method signature="roundTripTc02()[pri:2, instance:test.components.SearchFlightTest@5f8e8a9d]" started-at="2024-02-16T11:54:10 IST" name="roundTripTc02" finished-at="2024-02-16T11:54:20 IST" duration-ms="10688" status="PASS">
          <reporter-output>
          </reporter-output>
        </test-method> <!-- roundTripTc02 -->
        <test-method is-config="true" signature="afterMethod()[pri:0, instance:test.components.SearchFlightTest@5f8e8a9d]" started-at="2024-02-16T11:54:20 IST" name="afterMethod" finished-at="2024-02-16T11:54:21 IST" duration-ms="315" status="PASS">
          <reporter-output>
          </reporter-output>
        </test-method> <!-- afterMethod -->
      </class> <!-- test.components.SearchFlightTest -->
      <class name="test.components.LoginTest">
        <test-method is-config="true" signature="beforeMethod(java.lang.String)[pri:0, instance:test.components.LoginTest@2de56eb2]" started-at="2024-02-16T11:53:16 IST" name="beforeMethod" finished-at="2024-02-16T11:53:20 IST" duration-ms="4844" status="PASS">
          <params>
            <param index="0">
              <value>
                <![CDATA[chrome]]>
              </value>
            </param>
          </params>
          <reporter-output>
          </reporter-output>
        </test-method> <!-- beforeMethod -->
        <test-method signature="signinTc01()[pri:1, instance:test.components.LoginTest@2de56eb2]" started-at="2024-02-16T11:53:20 IST" name="signinTc01" finished-at="2024-02-16T11:53:26 IST" duration-ms="5391" status="PASS">
          <reporter-output>
          </reporter-output>
        </test-method> <!-- signinTc01 -->
        <test-method is-config="true" signature="afterMethod()[pri:0, instance:test.components.LoginTest@2de56eb2]" started-at="2024-02-16T11:53:26 IST" name="afterMethod" finished-at="2024-02-16T11:53:26 IST" duration-ms="326" status="PASS">
          <reporter-output>
          </reporter-output>
        </test-method> <!-- afterMethod -->
        <test-method is-config="true" signature="beforeMethod(java.lang.String)[pri:0, instance:test.components.LoginTest@2de56eb2]" started-at="2024-02-16T11:53:26 IST" name="beforeMethod" finished-at="2024-02-16T11:53:31 IST" duration-ms="4952" status="PASS">
          <params>
            <param index="0">
              <value>
                <![CDATA[chrome]]>
              </value>
            </param>
          </params>
          <reporter-output>
          </reporter-output>
        </test-method> <!-- beforeMethod -->
        <test-method signature="signinTc02()[pri:2, instance:test.components.LoginTest@2de56eb2]" started-at="2024-02-16T11:53:31 IST" name="signinTc02" finished-at="2024-02-16T11:53:33 IST" duration-ms="1538" status="PASS">
          <reporter-output>
          </reporter-output>
        </test-method> <!-- signinTc02 -->
        <test-method is-config="true" signature="afterMethod()[pri:0, instance:test.components.LoginTest@2de56eb2]" started-at="2024-02-16T11:53:33 IST" name="afterMethod" finished-at="2024-02-16T11:53:33 IST" duration-ms="233" status="PASS">
          <reporter-output>
          </reporter-output>
        </test-method> <!-- afterMethod -->
        <test-method is-config="true" signature="beforeMethod(java.lang.String)[pri:0, instance:test.components.LoginTest@2de56eb2]" started-at="2024-02-16T11:53:33 IST" name="beforeMethod" finished-at="2024-02-16T11:53:37 IST" duration-ms="4618" status="PASS">
          <params>
            <param index="0">
              <value>
                <![CDATA[chrome]]>
              </value>
            </param>
          </params>
          <reporter-output>
          </reporter-output>
        </test-method> <!-- beforeMethod -->
        <test-method signature="signinTc03()[pri:2, instance:test.components.LoginTest@2de56eb2]" started-at="2024-02-16T11:53:37 IST" name="signinTc03" finished-at="2024-02-16T11:53:39 IST" duration-ms="1627" status="PASS">
          <reporter-output>
          </reporter-output>
        </test-method> <!-- signinTc03 -->
        <test-method is-config="true" signature="afterMethod()[pri:0, instance:test.components.LoginTest@2de56eb2]" started-at="2024-02-16T11:53:39 IST" name="afterMethod" finished-at="2024-02-16T11:53:39 IST" duration-ms="264" status="PASS">
          <reporter-output>
          </reporter-output>
        </test-method> <!-- afterMethod -->
        <test-method is-config="true" signature="beforeMethod(java.lang.String)[pri:0, instance:test.components.LoginTest@2de56eb2]" started-at="2024-02-16T11:53:39 IST" name="beforeMethod" finished-at="2024-02-16T11:53:44 IST" duration-ms="4820" status="PASS">
          <params>
            <param index="0">
              <value>
                <![CDATA[chrome]]>
              </value>
            </param>
          </params>
          <reporter-output>
          </reporter-output>
        </test-method> <!-- beforeMethod -->
        <test-method signature="signinTc04()[pri:2, instance:test.components.LoginTest@2de56eb2]" started-at="2024-02-16T11:53:44 IST" name="signinTc04" finished-at="2024-02-16T11:53:46 IST" duration-ms="1405" status="PASS">
          <reporter-output>
          </reporter-output>
        </test-method> <!-- signinTc04 -->
        <test-method is-config="true" signature="afterMethod()[pri:0, instance:test.components.LoginTest@2de56eb2]" started-at="2024-02-16T11:53:46 IST" name="afterMethod" finished-at="2024-02-16T11:53:46 IST" duration-ms="255" status="PASS">
          <reporter-output>
          </reporter-output>
        </test-method> <!-- afterMethod -->
      </class> <!-- test.components.LoginTest -->
      <class name="test.components.FlightBookingTest">
        <test-method is-config="true" signature="beforeSuite()[pri:0, instance:test.components.FlightBookingTest@2a8448fa]" started-at="2024-02-16T11:49:37 IST" name="beforeSuite" finished-at="2024-02-16T11:49:38 IST" duration-ms="258" status="PASS">
          <reporter-output>
          </reporter-output>
        </test-method> <!-- beforeSuite -->
        <test-method is-config="true" signature="beforeMethod(java.lang.String)[pri:0, instance:test.components.FlightBookingTest@2a8448fa]" started-at="2024-02-16T11:52:18 IST" name="beforeMethod" finished-at="2024-02-16T11:52:24 IST" duration-ms="5927" status="PASS">
          <params>
            <param index="0">
              <value>
                <![CDATA[chrome]]>
              </value>
            </param>
          </params>
          <reporter-output>
          </reporter-output>
        </test-method> <!-- beforeMethod -->
        <test-method signature="validPayTc01()[pri:1, instance:test.components.FlightBookingTest@2a8448fa]" started-at="2024-02-16T11:52:24 IST" name="validPayTc01" finished-at="2024-02-16T11:53:05 IST" duration-ms="40859" status="PASS">
          <reporter-output>
          </reporter-output>
        </test-method> <!-- validPayTc01 -->
        <test-method is-config="true" signature="afterMethod()[pri:0, instance:test.components.FlightBookingTest@2a8448fa]" started-at="2024-02-16T11:53:05 IST" name="afterMethod" finished-at="2024-02-16T11:53:05 IST" duration-ms="356" status="PASS">
          <reporter-output>
          </reporter-output>
        </test-method> <!-- afterMethod -->
      </class> <!-- test.components.FlightBookingTest -->
      <class name="test.components.BookingPageValidationTest">
        <test-method is-config="true" signature="beforeMethod(java.lang.String)[pri:0, instance:test.components.BookingPageValidationTest@6f204a1a]" started-at="2024-02-16T11:53:05 IST" name="beforeMethod" finished-at="2024-02-16T11:53:10 IST" duration-ms="4954" status="PASS">
          <params>
            <param index="0">
              <value>
                <![CDATA[chrome]]>
              </value>
            </param>
          </params>
          <reporter-output>
          </reporter-output>
        </test-method> <!-- beforeMethod -->
        <test-method signature="checkinTc()[pri:1, instance:test.components.BookingPageValidationTest@6f204a1a]" started-at="2024-02-16T11:53:10 IST" name="checkinTc" finished-at="2024-02-16T11:53:15 IST" duration-ms="5217" status="PASS">
          <reporter-output>
          </reporter-output>
        </test-method> <!-- checkinTc -->
        <test-method is-config="true" signature="afterMethod()[pri:0, instance:test.components.BookingPageValidationTest@6f204a1a]" started-at="2024-02-16T11:53:15 IST" name="afterMethod" finished-at="2024-02-16T11:53:16 IST" duration-ms="297" status="PASS">
          <reporter-output>
          </reporter-output>
        </test-method> <!-- afterMethod -->
      </class> <!-- test.components.BookingPageValidationTest -->
      <class name="test.components.SignUpTest">
        <test-method is-config="true" signature="beforeMethod(java.lang.String)[pri:0, instance:test.components.SignUpTest@5745ca0e]" started-at="2024-02-16T11:54:21 IST" name="beforeMethod" finished-at="2024-02-16T11:54:25 IST" duration-ms="4859" status="PASS">
          <params>
            <param index="0">
              <value>
                <![CDATA[chrome]]>
              </value>
            </param>
          </params>
          <reporter-output>
          </reporter-output>
        </test-method> <!-- beforeMethod -->
        <test-method signature="signUpTc01()[pri:1, instance:test.components.SignUpTest@5745ca0e]" started-at="2024-02-16T11:54:25 IST" name="signUpTc01" finished-at="2024-02-16T11:54:38 IST" duration-ms="12400" status="PASS">
          <reporter-output>
          </reporter-output>
        </test-method> <!-- signUpTc01 -->
        <test-method is-config="true" signature="afterMethod()[pri:0, instance:test.components.SignUpTest@5745ca0e]" started-at="2024-02-16T11:54:38 IST" name="afterMethod" finished-at="2024-02-16T11:54:38 IST" duration-ms="307" status="PASS">
          <reporter-output>
          </reporter-output>
        </test-method> <!-- afterMethod -->
        <test-method is-config="true" signature="beforeMethod(java.lang.String)[pri:0, instance:test.components.SignUpTest@5745ca0e]" started-at="2024-02-16T11:54:38 IST" name="beforeMethod" finished-at="2024-02-16T11:54:43 IST" duration-ms="4509" status="PASS">
          <params>
            <param index="0">
              <value>
                <![CDATA[chrome]]>
              </value>
            </param>
          </params>
          <reporter-output>
          </reporter-output>
        </test-method> <!-- beforeMethod -->
        <test-method signature="signUpTc02()[pri:2, instance:test.components.SignUpTest@5745ca0e]" started-at="2024-02-16T11:54:43 IST" name="signUpTc02" finished-at="2024-02-16T11:54:54 IST" duration-ms="11403" status="PASS">
          <reporter-output>
          </reporter-output>
        </test-method> <!-- signUpTc02 -->
        <test-method is-config="true" signature="afterMethod()[pri:0, instance:test.components.SignUpTest@5745ca0e]" started-at="2024-02-16T11:54:54 IST" name="afterMethod" finished-at="2024-02-16T11:54:54 IST" duration-ms="280" status="PASS">
          <reporter-output>
          </reporter-output>
        </test-method> <!-- afterMethod -->
      </class> <!-- test.components.SignUpTest -->
    </test> <!-- Test1 -->
  </suite> <!-- Suite -->
</testng-results>
